<?xml version="1.0" encoding="UTF-8"?>
<!-- Generated by org.testng.reporters.JUnitReportReporter -->
<testsuite skipped="0" hostname="AndresLaptop" name="Exercises.LessonTwentyOne.TestWebView" tests="1" failures="0" timestamp="28 Jan 2023 21:31:19 GMT" time="30.564" errors="0">
  <testcase name="testWebView" time="30.564" classname="Exercises.LessonTwentyOne.TestWebView"/>
</testsuite> <!-- Exercises.LessonTwentyOne.TestWebView -->
