<?xml version="1.0" encoding="UTF-8"?>
<!-- Generated by org.testng.reporters.JUnitReportReporter -->
<testsuite skipped="0" hostname="AndresLaptop" name="Exercises.LessonNineteen.HomeworkWithTestNG" tests="2" failures="0" timestamp="29 Nov 2022 07:20:46 GMT" time="80.449" errors="0">
  <testcase name="testSolutionTwo" time="39.058" classname="Exercises.LessonNineteen.HomeworkWithTestNG"/>
  <testcase name="testSolutionOne" time="41.391" classname="Exercises.LessonNineteen.HomeworkWithTestNG"/>
</testsuite> <!-- Exercises.LessonNineteen.HomeworkWithTestNG -->
