<?xml version="1.0" encoding="UTF-8"?>
<!-- Generated by org.testng.reporters.JUnitReportReporter -->
<testsuite skipped="0" hostname="AndresLaptop" name="Exercises.LessonTwentyOne.TestWithDataProvider" tests="3" failures="0" timestamp="28 Jan 2023 21:31:19 GMT" time="28.392" errors="0">
  <testcase name="testMethod1" time="16.802" classname="Exercises.LessonTwentyOne.TestWithDataProvider"/>
  <testcase name="testMethod1" time="4.994" classname="Exercises.LessonTwentyOne.TestWithDataProvider"/>
  <testcase name="testMethod1" time="6.596" classname="Exercises.LessonTwentyOne.TestWithDataProvider"/>
</testsuite> <!-- Exercises.LessonTwentyOne.TestWithDataProvider -->
