<?xml version="1.0" encoding="UTF-8"?>
<!-- Generated by org.testng.reporters.JUnitReportReporter -->
<testsuite skipped="0" hostname="AndresLaptop" name="Exercises.LessonTwentyOne.TestWebView" tests="1" failures="0" timestamp="22 Jan 2023 14:39:07 GMT" time="33.440" errors="0">
  <testcase name="testWebView" time="33.440" classname="Exercises.LessonTwentyOne.TestWebView"/>
</testsuite> <!-- Exercises.LessonTwentyOne.TestWebView -->
